<?xml version="1.0" encoding="UTF-8"?>
<testsuite xmlns:xsi="http://www.w3.org/2001/XMLSchema-instance" xsi:noNamespaceSchemaLocation="https://maven.apache.org/surefire/maven-surefire-plugin/xsd/surefire-test-report.xsd" version="3.0.2" name="com.vectoros.robot.runtime.state.RobotStateMachineTest" time="0.226" tests="45" errors="0" skipped="0" failures="0">
  <properties>
[...]
</properties>
  <testcase name="transitionToOfflineWhenAlreadyOfflineIsNoOp" classname="com.vectoros.robot.runtime.state.RobotStateMachineTest" time="0.0"/>
  <testcase name="powerOnAndInitializeReachIdle" classname="com.vectoros.robot.runtime.state.RobotStateMachineTest" time="0.003">
    <system-err><![CDATA[Jul 26, 2026 11:57:03 AM com.vectoros.robot.runtime.state.RobotStateMachine transition
INFO: Robot 'robot-sm' status transition: OFFLINE -[POWER_ON]-> INITIALIZING
Jul 26, 2026 11:57:03 AM com.vectoros.robot.runtime.state.RobotStateMachine transition
INFO: Robot 'robot-sm' status transition: INITIALIZING -[INITIALIZATION_COMPLETE]-> IDLE
]]></system-err>
  </testcase>
  <testcase name="advanceMissionToIdleWalksHappyPath" classname="com.vectoros.robot.runtime.state.RobotStateMachineTest" time="0.003">
    <system-err><![CDATA[Jul 26, 2026 11:57:03 AM com.vectoros.robot.runtime.state.RobotStateMachine transition
INFO: Robot 'robot-sm' status transition: OFFLINE -[POWER_ON]-> INITIALIZING
Jul 26, 2026 11:57:03 AM com.vectoros.robot.runtime.state.RobotStateMachine transition
INFO: Robot 'robot-sm' status transition: INITIALIZING -[INITIALIZATION_COMPLETE]-> IDLE
Jul 26, 2026 11:57:03 AM com.vectoros.robot.runtime.state.RobotStateMachine transition
INFO: Robot 'robot-sm' status transition: IDLE -[TASK_RECEIVED]-> TASK_ASSIGNED
Jul 26, 2026 11:57:03 AM com.vectoros.robot.runtime.state.RobotStateMachine transition
INFO: Robot 'robot-sm' status transition: TASK_ASSIGNED -[START_MOVE_TO_PICKUP]-> MOVING_TO_PICKUP
Jul 26, 2026 11:57:03 AM com.vectoros.robot.runtime.state.RobotStateMachine transition
INFO: Robot 'robot-sm' status transition: MOVING_TO_PICKUP -[ARRIVED_AT_PICKUP]-> LOADING
Jul 26, 2026 11:57:03 AM com.vectoros.robot.runtime.state.RobotStateMachine transition
INFO: Robot 'robot-sm' status transition: LOADING -[LOADING_COMPLETE]-> MOVING_TO_DROPOFF
Jul 26, 2026 11:57:03 AM com.vectoros.robot.runtime.state.RobotStateMachine transition
INFO: Robot 'robot-sm' status transition: MOVING_TO_DROPOFF -[ARRIVED_AT_DROPOFF]-> UNLOADING
Jul 26, 2026 11:57:03 AM com.vectoros.robot.runtime.state.RobotStateMachine transition
INFO: Robot 'robot-sm' status transition: UNLOADING -[UNLOADING_COMPLETE]-> RETURNING
Jul 26, 2026 11:57:03 AM com.vectoros.robot.runtime.state.RobotStateMachine transition
INFO: Robot 'robot-sm' status transition: RETURNING -[RETURN_COMPLETE]-> IDLE
]]></system-err>
  </testcase>
  <testcase name="canTransitionAndTryTransition" classname="com.vectoros.robot.runtime.state.RobotStateMachineTest" time="0.004">
    <system-err><![CDATA[Jul 26, 2026 11:57:03 AM com.vectoros.robot.runtime.state.RobotStateMachine transition
INFO: Robot 'robot-sm' status transition: OFFLINE -[POWER_ON]-> INITIALIZING
Jul 26, 2026 11:57:03 AM com.vectoros.robot.runtime.state.RobotStateMachine transition
INFO: Robot 'robot-sm' status transition: INITIALIZING -[INITIALIZATION_COMPLETE]-> IDLE
Jul 26, 2026 11:57:03 AM com.vectoros.robot.runtime.state.RobotStateMachine transition
INFO: Robot 'robot-sm' status transition: IDLE -[TASK_RECEIVED]-> TASK_ASSIGNED
]]></system-err>
  </testcase>
  <testcase name="advanceMissionToIdleFromMovingPickup" classname="com.vectoros.robot.runtime.state.RobotStateMachineTest" time="0.003">
    <system-err><![CDATA[Jul 26, 2026 11:57:03 AM com.vectoros.robot.runtime.state.RobotStateMachine transition
INFO: Robot 'robot-sm' status transition: OFFLINE -[POWER_ON]-> INITIALIZING
Jul 26, 2026 11:57:03 AM com.vectoros.robot.runtime.state.RobotStateMachine transition
INFO: Robot 'robot-sm' status transition: INITIALIZING -[INITIALIZATION_COMPLETE]-> IDLE
Jul 26, 2026 11:57:03 AM com.vectoros.robot.runtime.state.RobotStateMachine transition
INFO: Robot 'robot-sm' status transition: IDLE -[TASK_RECEIVED]-> TASK_ASSIGNED
Jul 26, 2026 11:57:03 AM com.vectoros.robot.runtime.state.RobotStateMachine transition
INFO: Robot 'robot-sm' status transition: TASK_ASSIGNED -[START_MOVE_TO_PICKUP]-> MOVING_TO_PICKUP
Jul 26, 2026 11:57:03 AM com.vectoros.robot.runtime.state.RobotStateMachine transition
INFO: Robot 'robot-sm' status transition: MOVING_TO_PICKUP -[ARRIVED_AT_PICKUP]-> LOADING
Jul 26, 2026 11:57:03 AM com.vectoros.robot.runtime.state.RobotStateMachine transition
INFO: Robot 'robot-sm' status transition: LOADING -[LOADING_COMPLETE]-> MOVING_TO_DROPOFF
Jul 26, 2026 11:57:03 AM com.vectoros.robot.runtime.state.RobotStateMachine transition
INFO: Robot 'robot-sm' status transition: MOVING_TO_DROPOFF -[ARRIVED_AT_DROPOFF]-> UNLOADING
Jul 26, 2026 11:57:03 AM com.vectoros.robot.runtime.state.RobotStateMachine transition
INFO: Robot 'robot-sm' status transition: UNLOADING -[UNLOADING_COMPLETE]-> RETURNING
Jul 26, 2026 11:57:03 AM com.vectoros.robot.runtime.state.RobotStateMachine transition
INFO: Robot 'robot-sm' status transition: RETURNING -[RETURN_COMPLETE]-> IDLE
]]></system-err>
  </testcase>
  <testcase name="advanceMissionToIdleFromIdleIsNoOp" classname="com.vectoros.robot.runtime.state.RobotStateMachineTest" time="0.001">
    <system-err><![CDATA[Jul 26, 2026 11:57:03 AM com.vectoros.robot.runtime.state.RobotStateMachine transition
INFO: Robot 'robot-sm' status transition: OFFLINE -[POWER_ON]-> INITIALIZING
Jul 26, 2026 11:57:03 AM com.vectoros.robot.runtime.state.RobotStateMachine transition
INFO: Robot 'robot-sm' status transition: INITIALIZING -[INITIALIZATION_COMPLETE]-> IDLE
]]></system-err>
  </testcase>
  <testcase name="faultDetectedFromAnyNonErrorState(RobotStatus)[1]" classname="com.vectoros.robot.runtime.state.RobotStateMachineTest" time="0.014">
    <system-err><![CDATA[Jul 26, 2026 11:57:03 AM com.vectoros.robot.runtime.state.RobotStateMachine transition
INFO: Robot 'robot-sm' status transition: OFFLINE -[POWER_ON]-> INITIALIZING
Jul 26, 2026 11:57:03 AM com.vectoros.robot.runtime.state.RobotStateMachine transition
INFO: Robot 'robot-sm' status transition: INITIALIZING -[INITIALIZATION_COMPLETE]-> IDLE
Jul 26, 2026 11:57:03 AM com.vectoros.robot.runtime.state.RobotStateMachine transition
INFO: Robot 'robot-sm' status transition: IDLE -[GO_OFFLINE]-> OFFLINE
Jul 26, 2026 11:57:03 AM com.vectoros.robot.runtime.state.RobotStateMachine transition
INFO: Robot 'robot-sm' status transition: OFFLINE -[POWER_ON]-> INITIALIZING
Jul 26, 2026 11:57:03 AM com.vectoros.robot.runtime.state.RobotStateMachine transition
INFO: Robot 'robot-sm' status transition: INITIALIZING -[FAULT_DETECTED]-> ERROR
]]></system-err>
  </testcase>
  <testcase name="faultDetectedFromAnyNonErrorState(RobotStatus)[2]" classname="com.vectoros.robot.runtime.state.RobotStateMachineTest" time="0.002">
    <system-err><![CDATA[Jul 26, 2026 11:57:03 AM com.vectoros.robot.runtime.state.RobotStateMachine transition
INFO: Robot 'robot-sm' status transition: OFFLINE -[POWER_ON]-> INITIALIZING
Jul 26, 2026 11:57:03 AM com.vectoros.robot.runtime.state.RobotStateMachine transition
INFO: Robot 'robot-sm' status transition: INITIALIZING -[INITIALIZATION_COMPLETE]-> IDLE
Jul 26, 2026 11:57:03 AM com.vectoros.robot.runtime.state.RobotStateMachine transition
INFO: Robot 'robot-sm' status transition: IDLE -[FAULT_DETECTED]-> ERROR
]]></system-err>
  </testcase>
  <testcase name="faultDetectedFromAnyNonErrorState(RobotStatus)[3]" classname="com.vectoros.robot.runtime.state.RobotStateMachineTest" time="0.003">
    <system-err><![CDATA[Jul 26, 2026 11:57:03 AM com.vectoros.robot.runtime.state.RobotStateMachine transition
INFO: Robot 'robot-sm' status transition: OFFLINE -[POWER_ON]-> INITIALIZING
Jul 26, 2026 11:57:03 AM com.vectoros.robot.runtime.state.RobotStateMachine transition
INFO: Robot 'robot-sm' status transition: INITIALIZING -[INITIALIZATION_COMPLETE]-> IDLE
Jul 26, 2026 11:57:03 AM com.vectoros.robot.runtime.state.RobotStateMachine transition
INFO: Robot 'robot-sm' status transition: IDLE -[TASK_RECEIVED]-> TASK_ASSIGNED
Jul 26, 2026 11:57:03 AM com.vectoros.robot.runtime.state.RobotStateMachine transition
INFO: Robot 'robot-sm' status transition: TASK_ASSIGNED -[FAULT_DETECTED]-> ERROR
]]></system-err>
  </testcase>
  <testcase name="faultDetectedFromAnyNonErrorState(RobotStatus)[4]" classname="com.vectoros.robot.runtime.state.RobotStateMachineTest" time="0.001">
    <system-err><![CDATA[Jul 26, 2026 11:57:03 AM com.vectoros.robot.runtime.state.RobotStateMachine transition
INFO: Robot 'robot-sm' status transition: OFFLINE -[POWER_ON]-> INITIALIZING
Jul 26, 2026 11:57:03 AM com.vectoros.robot.runtime.state.RobotStateMachine transition
INFO: Robot 'robot-sm' status transition: INITIALIZING -[INITIALIZATION_COMPLETE]-> IDLE
Jul 26, 2026 11:57:03 AM com.vectoros.robot.runtime.state.RobotStateMachine transition
INFO: Robot 'robot-sm' status transition: IDLE -[TASK_RECEIVED]-> TASK_ASSIGNED
Jul 26, 2026 11:57:03 AM com.vectoros.robot.runtime.state.RobotStateMachine transition
INFO: Robot 'robot-sm' status transition: TASK_ASSIGNED -[START_MOVE_TO_PICKUP]-> MOVING_TO_PICKUP
Jul 26, 2026 11:57:03 AM com.vectoros.robot.runtime.state.RobotStateMachine transition
INFO: Robot 'robot-sm' status transition: MOVING_TO_PICKUP -[FAULT_DETECTED]-> ERROR
]]></system-err>
  </testcase>
  <testcase name="faultDetectedFromAnyNonErrorState(RobotStatus)[5]" classname="com.vectoros.robot.runtime.state.RobotStateMachineTest" time="0.002">
    <system-err><![CDATA[Jul 26, 2026 11:57:03 AM com.vectoros.robot.runtime.state.RobotStateMachine transition
INFO: Robot 'robot-sm' status transition: OFFLINE -[POWER_ON]-> INITIALIZING
Jul 26, 2026 11:57:03 AM com.vectoros.robot.runtime.state.RobotStateMachine transition
INFO: Robot 'robot-sm' status transition: INITIALIZING -[INITIALIZATION_COMPLETE]-> IDLE
Jul 26, 2026 11:57:03 AM com.vectoros.robot.runtime.state.RobotStateMachine transition
INFO: Robot 'robot-sm' status transition: IDLE -[TASK_RECEIVED]-> TASK_ASSIGNED
Jul 26, 2026 11:57:03 AM com.vectoros.robot.runtime.state.RobotStateMachine transition
INFO: Robot 'robot-sm' status transition: TASK_ASSIGNED -[START_MOVE_TO_PICKUP]-> MOVING_TO_PICKUP
Jul 26, 2026 11:57:03 AM com.vectoros.robot.runtime.state.RobotStateMachine transition
INFO: Robot 'robot-sm' status transition: MOVING_TO_PICKUP -[ARRIVED_AT_PICKUP]-> LOADING
Jul 26, 2026 11:57:03 AM com.vectoros.robot.runtime.state.RobotStateMachine transition
INFO: Robot 'robot-sm' status transition: LOADING -[FAULT_DETECTED]-> ERROR
]]></system-err>
  </testcase>
  <testcase name="faultDetectedFromAnyNonErrorState(RobotStatus)[6]" classname="com.vectoros.robot.runtime.state.RobotStateMachineTest" time="0.003">
    <system-err><![CDATA[Jul 26, 2026 11:57:03 AM com.vectoros.robot.runtime.state.RobotStateMachine transition
INFO: Robot 'robot-sm' status transition: OFFLINE -[POWER_ON]-> INITIALIZING
Jul 26, 2026 11:57:03 AM com.vectoros.robot.runtime.state.RobotStateMachine transition
INFO: Robot 'robot-sm' status transition: INITIALIZING -[INITIALIZATION_COMPLETE]-> IDLE
Jul 26, 2026 11:57:03 AM com.vectoros.robot.runtime.state.RobotStateMachine transition
INFO: Robot 'robot-sm' status transition: IDLE -[TASK_RECEIVED]-> TASK_ASSIGNED
Jul 26, 2026 11:57:03 AM com.vectoros.robot.runtime.state.RobotStateMachine transition
INFO: Robot 'robot-sm' status transition: TASK_ASSIGNED -[START_MOVE_TO_PICKUP]-> MOVING_TO_PICKUP
Jul 26, 2026 11:57:03 AM com.vectoros.robot.runtime.state.RobotStateMachine transition
INFO: Robot 'robot-sm' status transition: MOVING_TO_PICKUP -[ARRIVED_AT_PICKUP]-> LOADING
Jul 26, 2026 11:57:03 AM com.vectoros.robot.runtime.state.RobotStateMachine transition
INFO: Robot 'robot-sm' status transition: LOADING -[LOADING_COMPLETE]-> MOVING_TO_DROPOFF
Jul 26, 2026 11:57:03 AM com.vectoros.robot.runtime.state.RobotStateMachine transition
INFO: Robot 'robot-sm' status transition: MOVING_TO_DROPOFF -[FAULT_DETECTED]-> ERROR
]]></system-err>
  </testcase>
  <testcase name="faultDetectedFromAnyNonErrorState(RobotStatus)[7]" classname="com.vectoros.robot.runtime.state.RobotStateMachineTest" time="0.001">
    <system-err><![CDATA[Jul 26, 2026 11:57:03 AM com.vectoros.robot.runtime.state.RobotStateMachine transition
INFO: Robot 'robot-sm' status transition: OFFLINE -[POWER_ON]-> INITIALIZING
Jul 26, 2026 11:57:03 AM com.vectoros.robot.runtime.state.RobotStateMachine transition
INFO: Robot 'robot-sm' status transition: INITIALIZING -[INITIALIZATION_COMPLETE]-> IDLE
Jul 26, 2026 11:57:03 AM com.vectoros.robot.runtime.state.RobotStateMachine transition
INFO: Robot 'robot-sm' status transition: IDLE -[TASK_RECEIVED]-> TASK_ASSIGNED
Jul 26, 2026 11:57:03 AM com.vectoros.robot.runtime.state.RobotStateMachine transition
INFO: Robot 'robot-sm' status transition: TASK_ASSIGNED -[START_MOVE_TO_PICKUP]-> MOVING_TO_PICKUP
Jul 26, 2026 11:57:03 AM com.vectoros.robot.runtime.state.RobotStateMachine transition
INFO: Robot 'robot-sm' status transition: MOVING_TO_PICKUP -[ARRIVED_AT_PICKUP]-> LOADING
Jul 26, 2026 11:57:03 AM com.vectoros.robot.runtime.state.RobotStateMachine transition
INFO: Robot 'robot-sm' status transition: LOADING -[LOADING_COMPLETE]-> MOVING_TO_DROPOFF
Jul 26, 2026 11:57:03 AM com.vectoros.robot.runtime.state.RobotStateMachine transition
INFO: Robot 'robot-sm' status transition: MOVING_TO_DROPOFF -[ARRIVED_AT_DROPOFF]-> UNLOADING
Jul 26, 2026 11:57:03 AM com.vectoros.robot.runtime.state.RobotStateMachine transition
INFO: Robot 'robot-sm' status transition: UNLOADING -[FAULT_DETECTED]-> ERROR
]]></system-err>
  </testcase>
  <testcase name="faultDetectedFromAnyNonErrorState(RobotStatus)[8]" classname="com.vectoros.robot.runtime.state.RobotStateMachineTest" time="0.002">
    <system-err><![CDATA[Jul 26, 2026 11:57:03 AM com.vectoros.robot.runtime.state.RobotStateMachine transition
INFO: Robot 'robot-sm' status transition: OFFLINE -[POWER_ON]-> INITIALIZING
Jul 26, 2026 11:57:03 AM com.vectoros.robot.runtime.state.RobotStateMachine transition
INFO: Robot 'robot-sm' status transition: INITIALIZING -[INITIALIZATION_COMPLETE]-> IDLE
Jul 26, 2026 11:57:03 AM com.vectoros.robot.runtime.state.RobotStateMachine transition
INFO: Robot 'robot-sm' status transition: IDLE -[TASK_RECEIVED]-> TASK_ASSIGNED
Jul 26, 2026 11:57:03 AM com.vectoros.robot.runtime.state.RobotStateMachine transition
INFO: Robot 'robot-sm' status transition: TASK_ASSIGNED -[START_MOVE_TO_PICKUP]-> MOVING_TO_PICKUP
Jul 26, 2026 11:57:03 AM com.vectoros.robot.runtime.state.RobotStateMachine transition
INFO: Robot 'robot-sm' status transition: MOVING_TO_PICKUP -[ARRIVED_AT_PICKUP]-> LOADING
Jul 26, 2026 11:57:03 AM com.vectoros.robot.runtime.state.RobotStateMachine transition
INFO: Robot 'robot-sm' status transition: LOADING -[LOADING_COMPLETE]-> MOVING_TO_DROPOFF
Jul 26, 2026 11:57:03 AM com.vectoros.robot.runtime.state.RobotStateMachine transition
INFO: Robot 'robot-sm' status transition: MOVING_TO_DROPOFF -[ARRIVED_AT_DROPOFF]-> UNLOADING
Jul 26, 2026 11:57:03 AM com.vectoros.robot.runtime.state.RobotStateMachine transition
INFO: Robot 'robot-sm' status transition: UNLOADING -[UNLOADING_COMPLETE]-> RETURNING
Jul 26, 2026 11:57:03 AM com.vectoros.robot.runtime.state.RobotStateMachine transition
INFO: Robot 'robot-sm' status transition: RETURNING -[FAULT_DETECTED]-> ERROR
]]></system-err>
  </testcase>
  <testcase name="faultDetectedFromAnyNonErrorState(RobotStatus)[9]" classname="com.vectoros.robot.runtime.state.RobotStateMachineTest" time="0.002">
    <system-err><![CDATA[Jul 26, 2026 11:57:03 AM com.vectoros.robot.runtime.state.RobotStateMachine transition
INFO: Robot 'robot-sm' status transition: OFFLINE -[POWER_ON]-> INITIALIZING
Jul 26, 2026 11:57:03 AM com.vectoros.robot.runtime.state.RobotStateMachine transition
INFO: Robot 'robot-sm' status transition: INITIALIZING -[INITIALIZATION_COMPLETE]-> IDLE
Jul 26, 2026 11:57:03 AM com.vectoros.robot.runtime.state.RobotStateMachine transition
INFO: Robot 'robot-sm' status transition: IDLE -[START_CHARGING]-> CHARGING
Jul 26, 2026 11:57:03 AM com.vectoros.robot.runtime.state.RobotStateMachine transition
INFO: Robot 'robot-sm' status transition: CHARGING -[FAULT_DETECTED]-> ERROR
]]></system-err>
  </testcase>
  <testcase name="faultDetectedFromAnyNonErrorState(RobotStatus)[10]" classname="com.vectoros.robot.runtime.state.RobotStateMachineTest" time="0.001">
    <system-err><![CDATA[Jul 26, 2026 11:57:03 AM com.vectoros.robot.runtime.state.RobotStateMachine transition
INFO: Robot 'robot-sm' status transition: OFFLINE -[FAULT_DETECTED]-> ERROR
]]></system-err>
  </testcase>
  <testcase name="faultDetectedFromErrorIsInvalid" classname="com.vectoros.robot.runtime.state.RobotStateMachineTest" time="0.003">
    <system-err><![CDATA[Jul 26, 2026 11:57:03 AM com.vectoros.robot.runtime.state.RobotStateMachine transition
INFO: Robot 'robot-sm' status transition: OFFLINE -[POWER_ON]-> INITIALIZING
Jul 26, 2026 11:57:03 AM com.vectoros.robot.runtime.state.RobotStateMachine transition
INFO: Robot 'robot-sm' status transition: INITIALIZING -[INITIALIZATION_COMPLETE]-> IDLE
Jul 26, 2026 11:57:03 AM com.vectoros.robot.runtime.state.RobotStateMachine transition
INFO: Robot 'robot-sm' status transition: IDLE -[FAULT_DETECTED]-> ERROR
]]></system-err>
  </testcase>
  <testcase name="advanceMissionToIdleFromChargingFails" classname="com.vectoros.robot.runtime.state.RobotStateMachineTest" time="0.003">
    <system-err><![CDATA[Jul 26, 2026 11:57:03 AM com.vectoros.robot.runtime.state.RobotStateMachine transition
INFO: Robot 'robot-sm' status transition: OFFLINE -[POWER_ON]-> INITIALIZING
Jul 26, 2026 11:57:03 AM com.vectoros.robot.runtime.state.RobotStateMachine transition
INFO: Robot 'robot-sm' status transition: INITIALIZING -[INITIALIZATION_COMPLETE]-> IDLE
Jul 26, 2026 11:57:03 AM com.vectoros.robot.runtime.state.RobotStateMachine transition
INFO: Robot 'robot-sm' status transition: IDLE -[START_CHARGING]-> CHARGING
]]></system-err>
  </testcase>
  <testcase name="validTransitions(RobotStatus, RobotStateEvent, RobotStatus)[1]" classname="com.vectoros.robot.runtime.state.RobotStateMachineTest" time="0.016">
    <system-err><![CDATA[Jul 26, 2026 11:57:03 AM com.vectoros.robot.runtime.state.RobotStateMachine transition
INFO: Robot 'robot-sm' status transition: OFFLINE -[POWER_ON]-> INITIALIZING
Jul 26, 2026 11:57:03 AM com.vectoros.robot.runtime.state.RobotStateMachine transition
INFO: Robot 'robot-sm' status transition: INITIALIZING -[INITIALIZATION_COMPLETE]-> IDLE
Jul 26, 2026 11:57:03 AM com.vectoros.robot.runtime.state.RobotStateMachine transition
INFO: Robot 'robot-sm' status transition: IDLE -[TASK_RECEIVED]-> TASK_ASSIGNED
]]></system-err>
  </testcase>
  <testcase name="validTransitions(RobotStatus, RobotStateEvent, RobotStatus)[2]" classname="com.vectoros.robot.runtime.state.RobotStateMachineTest" time="0.001">
    <system-err><![CDATA[Jul 26, 2026 11:57:03 AM com.vectoros.robot.runtime.state.RobotStateMachine transition
INFO: Robot 'robot-sm' status transition: OFFLINE -[POWER_ON]-> INITIALIZING
Jul 26, 2026 11:57:03 AM com.vectoros.robot.runtime.state.RobotStateMachine transition
INFO: Robot 'robot-sm' status transition: INITIALIZING -[INITIALIZATION_COMPLETE]-> IDLE
Jul 26, 2026 11:57:03 AM com.vectoros.robot.runtime.state.RobotStateMachine transition
INFO: Robot 'robot-sm' status transition: IDLE -[TASK_RECEIVED]-> TASK_ASSIGNED
Jul 26, 2026 11:57:03 AM com.vectoros.robot.runtime.state.RobotStateMachine transition
INFO: Robot 'robot-sm' status transition: TASK_ASSIGNED -[START_MOVE_TO_PICKUP]-> MOVING_TO_PICKUP
]]></system-err>
  </testcase>
  <testcase name="validTransitions(RobotStatus, RobotStateEvent, RobotStatus)[3]" classname="com.vectoros.robot.runtime.state.RobotStateMachineTest" time="0.002">
    <system-err><![CDATA[Jul 26, 2026 11:57:03 AM com.vectoros.robot.runtime.state.RobotStateMachine transition
INFO: Robot 'robot-sm' status transition: OFFLINE -[POWER_ON]-> INITIALIZING
Jul 26, 2026 11:57:03 AM com.vectoros.robot.runtime.state.RobotStateMachine transition
INFO: Robot 'robot-sm' status transition: INITIALIZING -[INITIALIZATION_COMPLETE]-> IDLE
Jul 26, 2026 11:57:03 AM com.vectoros.robot.runtime.state.RobotStateMachine transition
INFO: Robot 'robot-sm' status transition: IDLE -[TASK_RECEIVED]-> TASK_ASSIGNED
Jul 26, 2026 11:57:03 AM com.vectoros.robot.runtime.state.RobotStateMachine transition
INFO: Robot 'robot-sm' status transition: TASK_ASSIGNED -[START_MOVE_TO_PICKUP]-> MOVING_TO_PICKUP
Jul 26, 2026 11:57:03 AM com.vectoros.robot.runtime.state.RobotStateMachine transition
INFO: Robot 'robot-sm' status transition: MOVING_TO_PICKUP -[ARRIVED_AT_PICKUP]-> LOADING
]]></system-err>
  </testcase>
  <testcase name="validTransitions(RobotStatus, RobotStateEvent, RobotStatus)[4]" classname="com.vectoros.robot.runtime.state.RobotStateMachineTest" time="0.003">
    <system-err><![CDATA[Jul 26, 2026 11:57:03 AM com.vectoros.robot.runtime.state.RobotStateMachine transition
INFO: Robot 'robot-sm' status transition: OFFLINE -[POWER_ON]-> INITIALIZING
Jul 26, 2026 11:57:03 AM com.vectoros.robot.runtime.state.RobotStateMachine transition
INFO: Robot 'robot-sm' status transition: INITIALIZING -[INITIALIZATION_COMPLETE]-> IDLE
Jul 26, 2026 11:57:03 AM com.vectoros.robot.runtime.state.RobotStateMachine transition
INFO: Robot 'robot-sm' status transition: IDLE -[TASK_RECEIVED]-> TASK_ASSIGNED
Jul 26, 2026 11:57:03 AM com.vectoros.robot.runtime.state.RobotStateMachine transition
INFO: Robot 'robot-sm' status transition: TASK_ASSIGNED -[START_MOVE_TO_PICKUP]-> MOVING_TO_PICKUP
Jul 26, 2026 11:57:03 AM com.vectoros.robot.runtime.state.RobotStateMachine transition
INFO: Robot 'robot-sm' status transition: MOVING_TO_PICKUP -[ARRIVED_AT_PICKUP]-> LOADING
Jul 26, 2026 11:57:03 AM com.vectoros.robot.runtime.state.RobotStateMachine transition
INFO: Robot 'robot-sm' status transition: LOADING -[LOADING_COMPLETE]-> MOVING_TO_DROPOFF
]]></system-err>
  </testcase>
  <testcase name="validTransitions(RobotStatus, RobotStateEvent, RobotStatus)[5]" classname="com.vectoros.robot.runtime.state.RobotStateMachineTest" time="0.004">
    <system-err><![CDATA[Jul 26, 2026 11:57:03 AM com.vectoros.robot.runtime.state.RobotStateMachine transition
INFO: Robot 'robot-sm' status transition: OFFLINE -[POWER_ON]-> INITIALIZING
Jul 26, 2026 11:57:03 AM com.vectoros.robot.runtime.state.RobotStateMachine transition
INFO: Robot 'robot-sm' status transition: INITIALIZING -[INITIALIZATION_COMPLETE]-> IDLE
Jul 26, 2026 11:57:03 AM com.vectoros.robot.runtime.state.RobotStateMachine transition
INFO: Robot 'robot-sm' status transition: IDLE -[TASK_RECEIVED]-> TASK_ASSIGNED
Jul 26, 2026 11:57:03 AM com.vectoros.robot.runtime.state.RobotStateMachine transition
INFO: Robot 'robot-sm' status transition: TASK_ASSIGNED -[START_MOVE_TO_PICKUP]-> MOVING_TO_PICKUP
Jul 26, 2026 11:57:03 AM com.vectoros.robot.runtime.state.RobotStateMachine transition
INFO: Robot 'robot-sm' status transition: MOVING_TO_PICKUP -[ARRIVED_AT_PICKUP]-> LOADING
Jul 26, 2026 11:57:03 AM com.vectoros.robot.runtime.state.RobotStateMachine transition
INFO: Robot 'robot-sm' status transition: LOADING -[LOADING_COMPLETE]-> MOVING_TO_DROPOFF
Jul 26, 2026 11:57:03 AM com.vectoros.robot.runtime.state.RobotStateMachine transition
INFO: Robot 'robot-sm' status transition: MOVING_TO_DROPOFF -[ARRIVED_AT_DROPOFF]-> UNLOADING
]]></system-err>
  </testcase>
  <testcase name="validTransitions(RobotStatus, RobotStateEvent, RobotStatus)[6]" classname="com.vectoros.robot.runtime.state.RobotStateMachineTest" time="0.003">
    <system-err><![CDATA[Jul 26, 2026 11:57:03 AM com.vectoros.robot.runtime.state.RobotStateMachine transition
INFO: Robot 'robot-sm' status transition: OFFLINE -[POWER_ON]-> INITIALIZING
Jul 26, 2026 11:57:03 AM com.vectoros.robot.runtime.state.RobotStateMachine transition
INFO: Robot 'robot-sm' status transition: INITIALIZING -[INITIALIZATION_COMPLETE]-> IDLE
Jul 26, 2026 11:57:03 AM com.vectoros.robot.runtime.state.RobotStateMachine transition
INFO: Robot 'robot-sm' status transition: IDLE -[TASK_RECEIVED]-> TASK_ASSIGNED
Jul 26, 2026 11:57:03 AM com.vectoros.robot.runtime.state.RobotStateMachine transition
INFO: Robot 'robot-sm' status transition: TASK_ASSIGNED -[START_MOVE_TO_PICKUP]-> MOVING_TO_PICKUP
Jul 26, 2026 11:57:03 AM com.vectoros.robot.runtime.state.RobotStateMachine transition
INFO: Robot 'robot-sm' status transition: MOVING_TO_PICKUP -[ARRIVED_AT_PICKUP]-> LOADING
Jul 26, 2026 11:57:03 AM com.vectoros.robot.runtime.state.RobotStateMachine transition
INFO: Robot 'robot-sm' status transition: LOADING -[LOADING_COMPLETE]-> MOVING_TO_DROPOFF
Jul 26, 2026 11:57:03 AM com.vectoros.robot.runtime.state.RobotStateMachine transition
INFO: Robot 'robot-sm' status transition: MOVING_TO_DROPOFF -[ARRIVED_AT_DROPOFF]-> UNLOADING
Jul 26, 2026 11:57:03 AM com.vectoros.robot.runtime.state.RobotStateMachine transition
INFO: Robot 'robot-sm' status transition: UNLOADING -[UNLOADING_COMPLETE]-> RETURNING
]]></system-err>
  </testcase>
  <testcase name="validTransitions(RobotStatus, RobotStateEvent, RobotStatus)[7]" classname="com.vectoros.robot.runtime.state.RobotStateMachineTest" time="0.002">
    <system-err><![CDATA[Jul 26, 2026 11:57:03 AM com.vectoros.robot.runtime.state.RobotStateMachine transition
INFO: Robot 'robot-sm' status transition: OFFLINE -[POWER_ON]-> INITIALIZING
Jul 26, 2026 11:57:03 AM com.vectoros.robot.runtime.state.RobotStateMachine transition
INFO: Robot 'robot-sm' status transition: INITIALIZING -[INITIALIZATION_COMPLETE]-> IDLE
Jul 26, 2026 11:57:03 AM com.vectoros.robot.runtime.state.RobotStateMachine transition
INFO: Robot 'robot-sm' status transition: IDLE -[TASK_RECEIVED]-> TASK_ASSIGNED
Jul 26, 2026 11:57:03 AM com.vectoros.robot.runtime.state.RobotStateMachine transition
INFO: Robot 'robot-sm' status transition: TASK_ASSIGNED -[START_MOVE_TO_PICKUP]-> MOVING_TO_PICKUP
Jul 26, 2026 11:57:03 AM com.vectoros.robot.runtime.state.RobotStateMachine transition
INFO: Robot 'robot-sm' status transition: MOVING_TO_PICKUP -[ARRIVED_AT_PICKUP]-> LOADING
Jul 26, 2026 11:57:03 AM com.vectoros.robot.runtime.state.RobotStateMachine transition
INFO: Robot 'robot-sm' status transition: LOADING -[LOADING_COMPLETE]-> MOVING_TO_DROPOFF
Jul 26, 2026 11:57:03 AM com.vectoros.robot.runtime.state.RobotStateMachine transition
INFO: Robot 'robot-sm' status transition: MOVING_TO_DROPOFF -[ARRIVED_AT_DROPOFF]-> UNLOADING
Jul 26, 2026 11:57:03 AM com.vectoros.robot.runtime.state.RobotStateMachine transition
INFO: Robot 'robot-sm' status transition: UNLOADING -[UNLOADING_COMPLETE]-> RETURNING
Jul 26, 2026 11:57:03 AM com.vectoros.robot.runtime.state.RobotStateMachine transition
INFO: Robot 'robot-sm' status transition: RETURNING -[RETURN_COMPLETE]-> IDLE
]]></system-err>
  </testcase>
  <testcase name="validTransitions(RobotStatus, RobotStateEvent, RobotStatus)[8]" classname="com.vectoros.robot.runtime.state.RobotStateMachineTest" time="0.001">
    <system-err><![CDATA[Jul 26, 2026 11:57:03 AM com.vectoros.robot.runtime.state.RobotStateMachine transition
INFO: Robot 'robot-sm' status transition: OFFLINE -[POWER_ON]-> INITIALIZING
Jul 26, 2026 11:57:03 AM com.vectoros.robot.runtime.state.RobotStateMachine transition
INFO: Robot 'robot-sm' status transition: INITIALIZING -[INITIALIZATION_COMPLETE]-> IDLE
Jul 26, 2026 11:57:03 AM com.vectoros.robot.runtime.state.RobotStateMachine transition
INFO: Robot 'robot-sm' status transition: IDLE -[START_CHARGING]-> CHARGING
]]></system-err>
  </testcase>
  <testcase name="validTransitions(RobotStatus, RobotStateEvent, RobotStatus)[9]" classname="com.vectoros.robot.runtime.state.RobotStateMachineTest" time="0.002">
    <system-err><![CDATA[Jul 26, 2026 11:57:03 AM com.vectoros.robot.runtime.state.RobotStateMachine transition
INFO: Robot 'robot-sm' status transition: OFFLINE -[POWER_ON]-> INITIALIZING
Jul 26, 2026 11:57:03 AM com.vectoros.robot.runtime.state.RobotStateMachine transition
INFO: Robot 'robot-sm' status transition: INITIALIZING -[INITIALIZATION_COMPLETE]-> IDLE
Jul 26, 2026 11:57:03 AM com.vectoros.robot.runtime.state.RobotStateMachine transition
INFO: Robot 'robot-sm' status transition: IDLE -[START_CHARGING]-> CHARGING
Jul 26, 2026 11:57:03 AM com.vectoros.robot.runtime.state.RobotStateMachine transition
INFO: Robot 'robot-sm' status transition: CHARGING -[CHARGING_COMPLETE]-> IDLE
]]></system-err>
  </testcase>
  <testcase name="validTransitions(RobotStatus, RobotStateEvent, RobotStatus)[10]" classname="com.vectoros.robot.runtime.state.RobotStateMachineTest" time="0.003">
    <system-err><![CDATA[Jul 26, 2026 11:57:03 AM com.vectoros.robot.runtime.state.RobotStateMachine transition
INFO: Robot 'robot-sm' status transition: OFFLINE -[POWER_ON]-> INITIALIZING
Jul 26, 2026 11:57:03 AM com.vectoros.robot.runtime.state.RobotStateMachine transition
INFO: Robot 'robot-sm' status transition: INITIALIZING -[INITIALIZATION_COMPLETE]-> IDLE
Jul 26, 2026 11:57:03 AM com.vectoros.robot.runtime.state.RobotStateMachine transition
INFO: Robot 'robot-sm' status transition: IDLE -[GO_OFFLINE]-> OFFLINE
]]></system-err>
  </testcase>
  <testcase name="validTransitions(RobotStatus, RobotStateEvent, RobotStatus)[11]" classname="com.vectoros.robot.runtime.state.RobotStateMachineTest" time="0.002">
    <system-err><![CDATA[Jul 26, 2026 11:57:03 AM com.vectoros.robot.runtime.state.RobotStateMachine transition
INFO: Robot 'robot-sm' status transition: OFFLINE -[POWER_ON]-> INITIALIZING
Jul 26, 2026 11:57:03 AM com.vectoros.robot.runtime.state.RobotStateMachine transition
INFO: Robot 'robot-sm' status transition: INITIALIZING -[INITIALIZATION_COMPLETE]-> IDLE
Jul 26, 2026 11:57:03 AM com.vectoros.robot.runtime.state.RobotStateMachine transition
INFO: Robot 'robot-sm' status transition: IDLE -[FAULT_DETECTED]-> ERROR
Jul 26, 2026 11:57:03 AM com.vectoros.robot.runtime.state.RobotStateMachine transition
INFO: Robot 'robot-sm' status transition: ERROR -[ERROR_CLEARED]-> IDLE
]]></system-err>
  </testcase>
  <testcase name="fullMissionHappyPath" classname="com.vectoros.robot.runtime.state.RobotStateMachineTest" time="0.003">
    <system-err><![CDATA[Jul 26, 2026 11:57:03 AM com.vectoros.robot.runtime.state.RobotStateMachine transition
INFO: Robot 'robot-sm' status transition: OFFLINE -[POWER_ON]-> INITIALIZING
Jul 26, 2026 11:57:03 AM com.vectoros.robot.runtime.state.RobotStateMachine transition
INFO: Robot 'robot-sm' status transition: INITIALIZING -[INITIALIZATION_COMPLETE]-> IDLE
Jul 26, 2026 11:57:03 AM com.vectoros.robot.runtime.state.RobotStateMachine transition
INFO: Robot 'robot-sm' status transition: IDLE -[TASK_RECEIVED]-> TASK_ASSIGNED
Jul 26, 2026 11:57:03 AM com.vectoros.robot.runtime.state.RobotStateMachine transition
INFO: Robot 'robot-sm' status transition: TASK_ASSIGNED -[START_MOVE_TO_PICKUP]-> MOVING_TO_PICKUP
Jul 26, 2026 11:57:03 AM com.vectoros.robot.runtime.state.RobotStateMachine transition
INFO: Robot 'robot-sm' status transition: MOVING_TO_PICKUP -[ARRIVED_AT_PICKUP]-> LOADING
Jul 26, 2026 11:57:03 AM com.vectoros.robot.runtime.state.RobotStateMachine transition
INFO: Robot 'robot-sm' status transition: LOADING -[LOADING_COMPLETE]-> MOVING_TO_DROPOFF
Jul 26, 2026 11:57:03 AM com.vectoros.robot.runtime.state.RobotStateMachine transition
INFO: Robot 'robot-sm' status transition: MOVING_TO_DROPOFF -[ARRIVED_AT_DROPOFF]-> UNLOADING
Jul 26, 2026 11:57:03 AM com.vectoros.robot.runtime.state.RobotStateMachine transition
INFO: Robot 'robot-sm' status transition: UNLOADING -[UNLOADING_COMPLETE]-> RETURNING
Jul 26, 2026 11:57:03 AM com.vectoros.robot.runtime.state.RobotStateMachine transition
INFO: Robot 'robot-sm' status transition: RETURNING -[RETURN_COMPLETE]-> IDLE
]]></system-err>
  </testcase>
  <testcase name="errorClearedRecoversToIdle" classname="com.vectoros.robot.runtime.state.RobotStateMachineTest" time="0.001">
    <system-err><![CDATA[Jul 26, 2026 11:57:03 AM com.vectoros.robot.runtime.state.RobotStateMachine transition
INFO: Robot 'robot-sm' status transition: OFFLINE -[POWER_ON]-> INITIALIZING
Jul 26, 2026 11:57:03 AM com.vectoros.robot.runtime.state.RobotStateMachine transition
INFO: Robot 'robot-sm' status transition: INITIALIZING -[INITIALIZATION_COMPLETE]-> IDLE
Jul 26, 2026 11:57:03 AM com.vectoros.robot.runtime.state.RobotStateMachine transition
INFO: Robot 'robot-sm' status transition: IDLE -[FAULT_DETECTED]-> ERROR
Jul 26, 2026 11:57:03 AM com.vectoros.robot.runtime.state.RobotStateMachine transition
INFO: Robot 'robot-sm' status transition: ERROR -[ERROR_CLEARED]-> IDLE
]]></system-err>
  </testcase>
  <testcase name="chargingCycle" classname="com.vectoros.robot.runtime.state.RobotStateMachineTest" time="0.001">
    <system-err><![CDATA[Jul 26, 2026 11:57:03 AM com.vectoros.robot.runtime.state.RobotStateMachine transition
INFO: Robot 'robot-sm' status transition: OFFLINE -[POWER_ON]-> INITIALIZING
Jul 26, 2026 11:57:03 AM com.vectoros.robot.runtime.state.RobotStateMachine transition
INFO: Robot 'robot-sm' status transition: INITIALIZING -[INITIALIZATION_COMPLETE]-> IDLE
Jul 26, 2026 11:57:03 AM com.vectoros.robot.runtime.state.RobotStateMachine transition
INFO: Robot 'robot-sm' status transition: IDLE -[START_CHARGING]-> CHARGING
Jul 26, 2026 11:57:03 AM com.vectoros.robot.runtime.state.RobotStateMachine transition
INFO: Robot 'robot-sm' status transition: CHARGING -[CHARGING_COMPLETE]-> IDLE
]]></system-err>
  </testcase>
  <testcase name="transitionToOfflineFromIdleIsDirect" classname="com.vectoros.robot.runtime.state.RobotStateMachineTest" time="0.001">
    <system-err><![CDATA[Jul 26, 2026 11:57:03 AM com.vectoros.robot.runtime.state.RobotStateMachine transition
INFO: Robot 'robot-sm' status transition: OFFLINE -[POWER_ON]-> INITIALIZING
Jul 26, 2026 11:57:03 AM com.vectoros.robot.runtime.state.RobotStateMachine transition
INFO: Robot 'robot-sm' status transition: INITIALIZING -[INITIALIZATION_COMPLETE]-> IDLE
Jul 26, 2026 11:57:03 AM com.vectoros.robot.runtime.state.RobotStateMachine transition
INFO: Robot 'robot-sm' status transition: IDLE -[GO_OFFLINE]-> OFFLINE
]]></system-err>
  </testcase>
  <testcase name="offlineTransitionsRoundTrip" classname="com.vectoros.robot.runtime.state.RobotStateMachineTest" time="0.0">
    <system-err><![CDATA[Jul 26, 2026 11:57:03 AM com.vectoros.robot.runtime.state.RobotStateMachine transition
INFO: Robot 'robot-sm' status transition: OFFLINE -[POWER_ON]-> INITIALIZING
Jul 26, 2026 11:57:03 AM com.vectoros.robot.runtime.state.RobotStateMachine transition
INFO: Robot 'robot-sm' status transition: INITIALIZING -[INITIALIZATION_COMPLETE]-> IDLE
Jul 26, 2026 11:57:03 AM com.vectoros.robot.runtime.state.RobotStateMachine transition
INFO: Robot 'robot-sm' status transition: IDLE -[GO_OFFLINE]-> OFFLINE
Jul 26, 2026 11:57:03 AM com.vectoros.robot.runtime.state.RobotStateMachine transition
INFO: Robot 'robot-sm' status transition: OFFLINE -[POWER_ON]-> INITIALIZING
Jul 26, 2026 11:57:03 AM com.vectoros.robot.runtime.state.RobotStateMachine transition
INFO: Robot 'robot-sm' status transition: INITIALIZING -[INITIALIZATION_COMPLETE]-> IDLE
]]></system-err>
  </testcase>
  <testcase name="invalidTransitionsThrow(RobotStatus, RobotStateEvent)[1]" classname="com.vectoros.robot.runtime.state.RobotStateMachineTest" time="0.003">
    <system-err><![CDATA[Jul 26, 2026 11:57:03 AM com.vectoros.robot.runtime.state.RobotStateMachine transition
INFO: Robot 'robot-sm' status transition: OFFLINE -[POWER_ON]-> INITIALIZING
Jul 26, 2026 11:57:03 AM com.vectoros.robot.runtime.state.RobotStateMachine transition
INFO: Robot 'robot-sm' status transition: INITIALIZING -[INITIALIZATION_COMPLETE]-> IDLE
]]></system-err>
  </testcase>
  <testcase name="invalidTransitionsThrow(RobotStatus, RobotStateEvent)[2]" classname="com.vectoros.robot.runtime.state.RobotStateMachineTest" time="0.003">
    <system-err><![CDATA[Jul 26, 2026 11:57:03 AM com.vectoros.robot.runtime.state.RobotStateMachine transition
INFO: Robot 'robot-sm' status transition: OFFLINE -[POWER_ON]-> INITIALIZING
Jul 26, 2026 11:57:03 AM com.vectoros.robot.runtime.state.RobotStateMachine transition
INFO: Robot 'robot-sm' status transition: INITIALIZING -[INITIALIZATION_COMPLETE]-> IDLE
]]></system-err>
  </testcase>
  <testcase name="invalidTransitionsThrow(RobotStatus, RobotStateEvent)[3]" classname="com.vectoros.robot.runtime.state.RobotStateMachineTest" time="0.002">
    <system-err><![CDATA[Jul 26, 2026 11:57:03 AM com.vectoros.robot.runtime.state.RobotStateMachine transition
INFO: Robot 'robot-sm' status transition: OFFLINE -[POWER_ON]-> INITIALIZING
Jul 26, 2026 11:57:03 AM com.vectoros.robot.runtime.state.RobotStateMachine transition
INFO: Robot 'robot-sm' status transition: INITIALIZING -[INITIALIZATION_COMPLETE]-> IDLE
Jul 26, 2026 11:57:03 AM com.vectoros.robot.runtime.state.RobotStateMachine transition
INFO: Robot 'robot-sm' status transition: IDLE -[TASK_RECEIVED]-> TASK_ASSIGNED
]]></system-err>
  </testcase>
  <testcase name="invalidTransitionsThrow(RobotStatus, RobotStateEvent)[4]" classname="com.vectoros.robot.runtime.state.RobotStateMachineTest" time="0.001">
    <system-err><![CDATA[Jul 26, 2026 11:57:03 AM com.vectoros.robot.runtime.state.RobotStateMachine transition
INFO: Robot 'robot-sm' status transition: OFFLINE -[POWER_ON]-> INITIALIZING
Jul 26, 2026 11:57:03 AM com.vectoros.robot.runtime.state.RobotStateMachine transition
INFO: Robot 'robot-sm' status transition: INITIALIZING -[INITIALIZATION_COMPLETE]-> IDLE
Jul 26, 2026 11:57:03 AM com.vectoros.robot.runtime.state.RobotStateMachine transition
INFO: Robot 'robot-sm' status transition: IDLE -[TASK_RECEIVED]-> TASK_ASSIGNED
Jul 26, 2026 11:57:03 AM com.vectoros.robot.runtime.state.RobotStateMachine transition
INFO: Robot 'robot-sm' status transition: TASK_ASSIGNED -[START_MOVE_TO_PICKUP]-> MOVING_TO_PICKUP
]]></system-err>
  </testcase>
  <testcase name="invalidTransitionsThrow(RobotStatus, RobotStateEvent)[5]" classname="com.vectoros.robot.runtime.state.RobotStateMachineTest" time="0.001">
    <system-err><![CDATA[Jul 26, 2026 11:57:03 AM com.vectoros.robot.runtime.state.RobotStateMachine transition
INFO: Robot 'robot-sm' status transition: OFFLINE -[POWER_ON]-> INITIALIZING
Jul 26, 2026 11:57:03 AM com.vectoros.robot.runtime.state.RobotStateMachine transition
INFO: Robot 'robot-sm' status transition: INITIALIZING -[INITIALIZATION_COMPLETE]-> IDLE
Jul 26, 2026 11:57:03 AM com.vectoros.robot.runtime.state.RobotStateMachine transition
INFO: Robot 'robot-sm' status transition: IDLE -[START_CHARGING]-> CHARGING
]]></system-err>
  </testcase>
  <testcase name="invalidTransitionsThrow(RobotStatus, RobotStateEvent)[6]" classname="com.vectoros.robot.runtime.state.RobotStateMachineTest" time="0.001"/>
  <testcase name="invalidTransitionsThrow(RobotStatus, RobotStateEvent)[7]" classname="com.vectoros.robot.runtime.state.RobotStateMachineTest" time="0.0"/>
  <testcase name="invalidTransitionsThrow(RobotStatus, RobotStateEvent)[8]" classname="com.vectoros.robot.runtime.state.RobotStateMachineTest" time="0.001">
    <system-err><![CDATA[Jul 26, 2026 11:57:03 AM com.vectoros.robot.runtime.state.RobotStateMachine transition
INFO: Robot 'robot-sm' status transition: OFFLINE -[POWER_ON]-> INITIALIZING
Jul 26, 2026 11:57:03 AM com.vectoros.robot.runtime.state.RobotStateMachine transition
INFO: Robot 'robot-sm' status transition: INITIALIZING -[INITIALIZATION_COMPLETE]-> IDLE
Jul 26, 2026 11:57:03 AM com.vectoros.robot.runtime.state.RobotStateMachine transition
INFO: Robot 'robot-sm' status transition: IDLE -[FAULT_DETECTED]-> ERROR
]]></system-err>
  </testcase>
  <testcase name="invalidTransitionsThrow(RobotStatus, RobotStateEvent)[9]" classname="com.vectoros.robot.runtime.state.RobotStateMachineTest" time="0.002">
    <system-err><![CDATA[Jul 26, 2026 11:57:03 AM com.vectoros.robot.runtime.state.RobotStateMachine transition
INFO: Robot 'robot-sm' status transition: OFFLINE -[POWER_ON]-> INITIALIZING
Jul 26, 2026 11:57:03 AM com.vectoros.robot.runtime.state.RobotStateMachine transition
INFO: Robot 'robot-sm' status transition: INITIALIZING -[INITIALIZATION_COMPLETE]-> IDLE
Jul 26, 2026 11:57:03 AM com.vectoros.robot.runtime.state.RobotStateMachine transition
INFO: Robot 'robot-sm' status transition: IDLE -[GO_OFFLINE]-> OFFLINE
Jul 26, 2026 11:57:03 AM com.vectoros.robot.runtime.state.RobotStateMachine transition
INFO: Robot 'robot-sm' status transition: OFFLINE -[POWER_ON]-> INITIALIZING
]]></system-err>
  </testcase>
  <testcase name="invalidTransitionsThrow(RobotStatus, RobotStateEvent)[10]" classname="com.vectoros.robot.runtime.state.RobotStateMachineTest" time="0.003">
    <system-err><![CDATA[Jul 26, 2026 11:57:03 AM com.vectoros.robot.runtime.state.RobotStateMachine transition
INFO: Robot 'robot-sm' status transition: OFFLINE -[POWER_ON]-> INITIALIZING
Jul 26, 2026 11:57:03 AM com.vectoros.robot.runtime.state.RobotStateMachine transition
INFO: Robot 'robot-sm' status transition: INITIALIZING -[INITIALIZATION_COMPLETE]-> IDLE
Jul 26, 2026 11:57:03 AM com.vectoros.robot.runtime.state.RobotStateMachine transition
INFO: Robot 'robot-sm' status transition: IDLE -[TASK_RECEIVED]-> TASK_ASSIGNED
Jul 26, 2026 11:57:03 AM com.vectoros.robot.runtime.state.RobotStateMachine transition
INFO: Robot 'robot-sm' status transition: TASK_ASSIGNED -[START_MOVE_TO_PICKUP]-> MOVING_TO_PICKUP
Jul 26, 2026 11:57:03 AM com.vectoros.robot.runtime.state.RobotStateMachine transition
INFO: Robot 'robot-sm' status transition: MOVING_TO_PICKUP -[ARRIVED_AT_PICKUP]-> LOADING
Jul 26, 2026 11:57:03 AM com.vectoros.robot.runtime.state.RobotStateMachine transition
INFO: Robot 'robot-sm' status transition: LOADING -[LOADING_COMPLETE]-> MOVING_TO_DROPOFF
Jul 26, 2026 11:57:03 AM com.vectoros.robot.runtime.state.RobotStateMachine transition
INFO: Robot 'robot-sm' status transition: MOVING_TO_DROPOFF -[ARRIVED_AT_DROPOFF]-> UNLOADING
Jul 26, 2026 11:57:03 AM com.vectoros.robot.runtime.state.RobotStateMachine transition
INFO: Robot 'robot-sm' status transition: UNLOADING -[UNLOADING_COMPLETE]-> RETURNING
]]></system-err>
  </testcase>
  <testcase name="transitionToOfflineFromMissionUsesErrorRecoveryPath" classname="com.vectoros.robot.runtime.state.RobotStateMachineTest" time="0.002">
    <system-err><![CDATA[Jul 26, 2026 11:57:03 AM com.vectoros.robot.runtime.state.RobotStateMachine transition
INFO: Robot 'robot-sm' status transition: OFFLINE -[POWER_ON]-> INITIALIZING
Jul 26, 2026 11:57:03 AM com.vectoros.robot.runtime.state.RobotStateMachine transition
INFO: Robot 'robot-sm' status transition: INITIALIZING -[INITIALIZATION_COMPLETE]-> IDLE
Jul 26, 2026 11:57:03 AM com.vectoros.robot.runtime.state.RobotStateMachine transition
INFO: Robot 'robot-sm' status transition: IDLE -[TASK_RECEIVED]-> TASK_ASSIGNED
Jul 26, 2026 11:57:03 AM com.vectoros.robot.runtime.state.RobotStateMachine transition
INFO: Robot 'robot-sm' status transition: TASK_ASSIGNED -[START_MOVE_TO_PICKUP]-> MOVING_TO_PICKUP
Jul 26, 2026 11:57:03 AM com.vectoros.robot.runtime.state.RobotStateMachine transition
INFO: Robot 'robot-sm' status transition: MOVING_TO_PICKUP -[FAULT_DETECTED]-> ERROR
Jul 26, 2026 11:57:03 AM com.vectoros.robot.runtime.state.RobotStateMachine transition
INFO: Robot 'robot-sm' status transition: ERROR -[ERROR_CLEARED]-> IDLE
Jul 26, 2026 11:57:03 AM com.vectoros.robot.runtime.state.RobotStateMachine transition
INFO: Robot 'robot-sm' status transition: IDLE -[GO_OFFLINE]-> OFFLINE
]]></system-err>
  </testcase>
</testsuite>