<?xml version="1.0" encoding="UTF-8"?>
<testsuite xmlns:xsi="http://www.w3.org/2001/XMLSchema-instance" xsi:noNamespaceSchemaLocation="https://maven.apache.org/surefire/maven-surefire-plugin/xsd/surefire-test-report.xsd" version="3.0.2" name="com.vectoros.robot.runtime.task.TaskExecutorTest" time="0.005" tests="4" errors="0" skipped="0" failures="0">
  <properties>
[...]
</properties>
  <testcase name="hasArrivedUsesConfiguredTolerance" classname="com.vectoros.robot.runtime.task.TaskExecutorTest" time="0.0"/>
  <testcase name="evaluateCompletionReturnsEmptyWhenFarFromTarget" classname="com.vectoros.robot.runtime.task.TaskExecutorTest" time="0.002"/>
  <testcase name="evaluateCompletionReturnsEmptyWhenNoTask" classname="com.vectoros.robot.runtime.task.TaskExecutorTest" time="0.0"/>
  <testcase name="evaluateCompletionReturnsTaskWhenWithinTolerance" classname="com.vectoros.robot.runtime.task.TaskExecutorTest" time="0.0"/>
</testsuite>